[2026-04-22 16:32:02] Iniciando Streamlit na porta 8501

  You can now view your Streamlit app in your browser.

  URL: http://127.0.0.1:8501

2026-04-22 16:32:13.726 Uncaught app execution
Traceback (most recent call last):
  File "C:\Users\William Ferreira\Desktop\PROJETOS\dashboard_financeiro\.venv\Lib\site-packages\streamlit\runtime\scriptrunner\exec_code.py", line 129, in exec_func_with_error_handling
    result = func()
  File "C:\Users\William Ferreira\Desktop\PROJETOS\dashboard_financeiro\.venv\Lib\site-packages\streamlit\runtime\scriptrunner\script_runner.py", line 689, in code_to_exec
    exec(code, module.__dict__)  # noqa: S102
    ~~~~^^^^^^^^^^^^^^^^^^^^^^^
  File "C:\Users\William Ferreira\Desktop\PROJETOS\dashboard_financeiro\app.py", line 44, in <module>
    main()
    ~~~~^^
  File "C:\Users\William Ferreira\Desktop\PROJETOS\dashboard_financeiro\app.py", line 34, in main
    content = get_dashboard_content()
  File "C:\Users\William Ferreira\Desktop\PROJETOS\dashboard_financeiro\utils\data_loader.py", line 55, in get_dashboard_content
    return get_dashboard_data(today.month, today.year)
  File "C:\Users\William Ferreira\Desktop\PROJETOS\dashboard_financeiro\utils\data_loader.py", line 65, in get_dashboard_data
    kpis = load_kpis(mes, ano)
  File "C:\Users\William Ferreira\Desktop\PROJETOS\dashboard_financeiro\.venv\Lib\site-packages\streamlit\runtime\caching\cache_utils.py", line 281, in __call__
    return self._get_or_create_cached_value(args, kwargs, spinner_message)
           ~~~~~~~~~~~~~~~~~~~~~~~~~~~~~~~~^^^^^^^^^^^^^^^^^^^^^^^^^^^^^^^
  File "C:\Users\William Ferreira\Desktop\PROJETOS\dashboard_financeiro\.venv\Lib\site-packages\streamlit\runtime\caching\cache_utils.py", line 326, in _get_or_create_cached_value
    return self._handle_cache_miss(cache, value_key, func_args, func_kwargs)
           ~~~~~~~~~~~~~~~~~~~~~~~^^^^^^^^^^^^^^^^^^^^^^^^^^^^^^^^^^^^^^^^^^
  File "C:\Users\William Ferreira\Desktop\PROJETOS\dashboard_financeiro\.venv\Lib\site-packages\streamlit\runtime\caching\cache_utils.py", line 385, in _handle_cache_miss
    computed_value = self._info.func(*func_args, **func_kwargs)
  File "C:\Users\William Ferreira\Desktop\PROJETOS\dashboard_financeiro\utils\data_loader.py", line 321, in load_kpis
    totais_df = _read_excel_sheet(str(INFO_FILE), "TOTAIS  20 E 21", header=0).fillna(0)
                ~~~~~~~~~~~~~~~~~^^^^^^^^^^^^^^^^^^^^^^^^^^^^^^^^^^^^^^^^^^^^^
  File "C:\Users\William Ferreira\Desktop\PROJETOS\dashboard_financeiro\.venv\Lib\site-packages\streamlit\runtime\caching\cache_utils.py", line 281, in __call__
    return self._get_or_create_cached_value(args, kwargs, spinner_message)
           ~~~~~~~~~~~~~~~~~~~~~~~~~~~~~~~~^^^^^^^^^^^^^^^^^^^^^^^^^^^^^^^
  File "C:\Users\William Ferreira\Desktop\PROJETOS\dashboard_financeiro\.venv\Lib\site-packages\streamlit\runtime\caching\cache_utils.py", line 326, in _get_or_create_cached_value
    return self._handle_cache_miss(cache, value_key, func_args, func_kwargs)
           ~~~~~~~~~~~~~~~~~~~~~~~^^^^^^^^^^^^^^^^^^^^^^^^^^^^^^^^^^^^^^^^^^
  File "C:\Users\William Ferreira\Desktop\PROJETOS\dashboard_financeiro\.venv\Lib\site-packages\streamlit\runtime\caching\cache_utils.py", line 385, in _handle_cache_miss
    computed_value = self._info.func(*func_args, **func_kwargs)
  File "C:\Users\William Ferreira\Desktop\PROJETOS\dashboard_financeiro\utils\data_loader.py", line 97, in _read_excel_sheet
    return pd.read_excel(file_path, sheet_name=sheet_name, header=header, engine="openpyxl")
           ~~~~~~~~~~~~~^^^^^^^^^^^^^^^^^^^^^^^^^^^^^^^^^^^^^^^^^^^^^^^^^^^^^^^^^^^^^^^^^^^^
  File "C:\Users\William Ferreira\Desktop\PROJETOS\dashboard_financeiro\.venv\Lib\site-packages\pandas\io\excel\_base.py", line 481, in read_excel
    io = ExcelFile(
        io,
    ...<2 lines>...
        engine_kwargs=engine_kwargs,
    )
  File "C:\Users\William Ferreira\Desktop\PROJETOS\dashboard_financeiro\.venv\Lib\site-packages\pandas\io\excel\_base.py", line 1621, in __init__
    self._reader = self._engines[engine](
                   ~~~~~~~~~~~~~~~~~~~~~^
        self._io,
        ^^^^^^^^^
        storage_options=storage_options,
        ^^^^^^^^^^^^^^^^^^^^^^^^^^^^^^^^
        engine_kwargs=engine_kwargs,
        ^^^^^^^^^^^^^^^^^^^^^^^^^^^^
    )
    ^
  File "C:\Users\William Ferreira\Desktop\PROJETOS\dashboard_financeiro\.venv\Lib\site-packages\pandas\io\excel\_openpyxl.py", line 560, in __init__
    super().__init__(
    ~~~~~~~~~~~~~~~~^
        filepath_or_buffer,
        ^^^^^^^^^^^^^^^^^^^
        storage_options=storage_options,
        ^^^^^^^^^^^^^^^^^^^^^^^^^^^^^^^^
        engine_kwargs=engine_kwargs,
        ^^^^^^^^^^^^^^^^^^^^^^^^^^^^
    )
    ^
  File "C:\Users\William Ferreira\Desktop\PROJETOS\dashboard_financeiro\.venv\Lib\site-packages\pandas\io\excel\_base.py", line 544, in __init__
    self.handles = get_handle(
                   ~~~~~~~~~~^
        filepath_or_buffer, "rb", storage_options=storage_options, is_text=False
        ^^^^^^^^^^^^^^^^^^^^^^^^^^^^^^^^^^^^^^^^^^^^^^^^^^^^^^^^^^^^^^^^^^^^^^^^
    )
    ^
  File "C:\Users\William Ferreira\Desktop\PROJETOS\dashboard_financeiro\.venv\Lib\site-packages\pandas\io\common.py", line 935, in get_handle
    handle = open(handle, ioargs.mode)
FileNotFoundError: [Errno 2] No such file or directory: 'C:\\Users\\William Ferreira\\Desktop\\PROJETOS\\dashboard_financeiro\\data\\INFORMAÇŐES GERENCIAIS - Copia.xlsx'
[2026-04-22 16:33:17] Iniciando Streamlit na porta 8501

  You can now view your Streamlit app in your browser.

  URL: http://127.0.0.1:8501

2026-04-22 16:33:23.467 Uncaught app execution
Traceback (most recent call last):
  File "C:\Users\William Ferreira\Desktop\PROJETOS\dashboard_financeiro\.venv\Lib\site-packages\streamlit\runtime\scriptrunner\exec_code.py", line 129, in exec_func_with_error_handling
    result = func()
  File "C:\Users\William Ferreira\Desktop\PROJETOS\dashboard_financeiro\.venv\Lib\site-packages\streamlit\runtime\scriptrunner\script_runner.py", line 689, in code_to_exec
    exec(code, module.__dict__)  # noqa: S102
    ~~~~^^^^^^^^^^^^^^^^^^^^^^^
  File "C:\Users\William Ferreira\Desktop\PROJETOS\dashboard_financeiro\app.py", line 44, in <module>
    main()
    ~~~~^^
  File "C:\Users\William Ferreira\Desktop\PROJETOS\dashboard_financeiro\app.py", line 34, in main
    content = get_dashboard_content()
  File "C:\Users\William Ferreira\Desktop\PROJETOS\dashboard_financeiro\utils\data_loader.py", line 55, in get_dashboard_content
    return get_dashboard_data(today.month, today.year)
  File "C:\Users\William Ferreira\Desktop\PROJETOS\dashboard_financeiro\utils\data_loader.py", line 65, in get_dashboard_data
    kpis = load_kpis(mes, ano)
  File "C:\Users\William Ferreira\Desktop\PROJETOS\dashboard_financeiro\.venv\Lib\site-packages\streamlit\runtime\caching\cache_utils.py", line 281, in __call__
    return self._get_or_create_cached_value(args, kwargs, spinner_message)
           ~~~~~~~~~~~~~~~~~~~~~~~~~~~~~~~~^^^^^^^^^^^^^^^^^^^^^^^^^^^^^^^
  File "C:\Users\William Ferreira\Desktop\PROJETOS\dashboard_financeiro\.venv\Lib\site-packages\streamlit\runtime\caching\cache_utils.py", line 326, in _get_or_create_cached_value
    return self._handle_cache_miss(cache, value_key, func_args, func_kwargs)
           ~~~~~~~~~~~~~~~~~~~~~~~^^^^^^^^^^^^^^^^^^^^^^^^^^^^^^^^^^^^^^^^^^
  File "C:\Users\William Ferreira\Desktop\PROJETOS\dashboard_financeiro\.venv\Lib\site-packages\streamlit\runtime\caching\cache_utils.py", line 385, in _handle_cache_miss
    computed_value = self._info.func(*func_args, **func_kwargs)
  File "C:\Users\William Ferreira\Desktop\PROJETOS\dashboard_financeiro\utils\data_loader.py", line 321, in load_kpis
    totais_df = _read_excel_sheet(str(INFO_FILE), "TOTAIS  20 E 21", header=0).fillna(0)
                ~~~~~~~~~~~~~~~~~^^^^^^^^^^^^^^^^^^^^^^^^^^^^^^^^^^^^^^^^^^^^^
  File "C:\Users\William Ferreira\Desktop\PROJETOS\dashboard_financeiro\.venv\Lib\site-packages\streamlit\runtime\caching\cache_utils.py", line 281, in __call__
    return self._get_or_create_cached_value(args, kwargs, spinner_message)
           ~~~~~~~~~~~~~~~~~~~~~~~~~~~~~~~~^^^^^^^^^^^^^^^^^^^^^^^^^^^^^^^
  File "C:\Users\William Ferreira\Desktop\PROJETOS\dashboard_financeiro\.venv\Lib\site-packages\streamlit\runtime\caching\cache_utils.py", line 326, in _get_or_create_cached_value
    return self._handle_cache_miss(cache, value_key, func_args, func_kwargs)
           ~~~~~~~~~~~~~~~~~~~~~~~^^^^^^^^^^^^^^^^^^^^^^^^^^^^^^^^^^^^^^^^^^
  File "C:\Users\William Ferreira\Desktop\PROJETOS\dashboard_financeiro\.venv\Lib\site-packages\streamlit\runtime\caching\cache_utils.py", line 385, in _handle_cache_miss
    computed_value = self._info.func(*func_args, **func_kwargs)
  File "C:\Users\William Ferreira\Desktop\PROJETOS\dashboard_financeiro\utils\data_loader.py", line 97, in _read_excel_sheet
    return pd.read_excel(file_path, sheet_name=sheet_name, header=header, engine="openpyxl")
           ~~~~~~~~~~~~~^^^^^^^^^^^^^^^^^^^^^^^^^^^^^^^^^^^^^^^^^^^^^^^^^^^^^^^^^^^^^^^^^^^^
  File "C:\Users\William Ferreira\Desktop\PROJETOS\dashboard_financeiro\.venv\Lib\site-packages\pandas\io\excel\_base.py", line 481, in read_excel
    io = ExcelFile(
        io,
    ...<2 lines>...
        engine_kwargs=engine_kwargs,
    )
  File "C:\Users\William Ferreira\Desktop\PROJETOS\dashboard_financeiro\.venv\Lib\site-packages\pandas\io\excel\_base.py", line 1621, in __init__
    self._reader = self._engines[engine](
                   ~~~~~~~~~~~~~~~~~~~~~^
        self._io,
        ^^^^^^^^^
        storage_options=storage_options,
        ^^^^^^^^^^^^^^^^^^^^^^^^^^^^^^^^
        engine_kwargs=engine_kwargs,
        ^^^^^^^^^^^^^^^^^^^^^^^^^^^^
    )
    ^
  File "C:\Users\William Ferreira\Desktop\PROJETOS\dashboard_financeiro\.venv\Lib\site-packages\pandas\io\excel\_openpyxl.py", line 560, in __init__
    super().__init__(
    ~~~~~~~~~~~~~~~~^
        filepath_or_buffer,
        ^^^^^^^^^^^^^^^^^^^
        storage_options=storage_options,
        ^^^^^^^^^^^^^^^^^^^^^^^^^^^^^^^^
        engine_kwargs=engine_kwargs,
        ^^^^^^^^^^^^^^^^^^^^^^^^^^^^
    )
    ^
  File "C:\Users\William Ferreira\Desktop\PROJETOS\dashboard_financeiro\.venv\Lib\site-packages\pandas\io\excel\_base.py", line 544, in __init__
    self.handles = get_handle(
                   ~~~~~~~~~~^
        filepath_or_buffer, "rb", storage_options=storage_options, is_text=False
        ^^^^^^^^^^^^^^^^^^^^^^^^^^^^^^^^^^^^^^^^^^^^^^^^^^^^^^^^^^^^^^^^^^^^^^^^
    )
    ^
  File "C:\Users\William Ferreira\Desktop\PROJETOS\dashboard_financeiro\.venv\Lib\site-packages\pandas\io\common.py", line 935, in get_handle
    handle = open(handle, ioargs.mode)
FileNotFoundError: [Errno 2] No such file or directory: 'C:\\Users\\William Ferreira\\Desktop\\PROJETOS\\dashboard_financeiro\\data\\INFORMAÇŐES GERENCIAIS - Copia.xlsx'
